[0405/223915.751:ERROR:process_reader_win.cc(142)] SuspendThread: Access is denied. (0x5)
[0405/223915.755:ERROR:process_reader_win.cc(142)] SuspendThread: Access is denied. (0x5)
[0405/223915.755:ERROR:process_reader_win.cc(114)] NtOpenThread: An invalid Client ID was specified.  (0xc000000b)
[0405/223915.757:ERROR:process_reader_win.cc(114)] NtOpenThread: An invalid Client ID was specified.  (0xc000000b)
[0405/223915.757:ERROR:process_reader_win.cc(114)] NtOpenThread: An invalid Client ID was specified.  (0xc000000b)
[0405/223915.760:ERROR:process_reader_win.cc(142)] SuspendThread: Access is denied. (0x5)
[0405/223915.760:ERROR:process_reader_win.cc(233)] ReadMemory at 0xe0a6dc of 8 bytes failed: Only part of a ReadProcessMemory or WriteProcessMemory request was completed. (0x12B)
[0405/223915.760:ERROR:exception_snapshot_win.cc(180)] EXCEPTION_POINTERS read failed
[0405/223915.760:WARNING:crash_report_exception_handler.cc(60)] ProcessSnapshotWin::Initialize failed
[0405/223915.760:ERROR:scoped_process_suspend.cc(38)] NtResumeProcess: An attempt was made to access an exiting process.  (0xc000010a)
[0407/010156.368:ERROR:process_info.cc(608)] range at 0xff68a000, size 0x230 fully unreadable
[0407/010156.387:ERROR:process_info.cc(608)] range at 0xff68e000, size 0xf84 fully unreadable
[0407/010156.388:ERROR:process_info.cc(608)] range at 0xff686000, size 0xf84 fully unreadable
[0407/010156.388:ERROR:process_info.cc(608)] range at 0xff55f000, size 0xf84 fully unreadable
[0407/010156.388:ERROR:process_info.cc(608)] range at 0xff55c000, size 0xf84 fully unreadable
[0407/010156.388:ERROR:process_info.cc(608)] range at 0xff559000, size 0xf84 fully unreadable
[0407/010156.388:ERROR:process_info.cc(608)] range at 0xff556000, size 0xf84 fully unreadable
[0407/010156.389:ERROR:process_info.cc(608)] range at 0xff553000, size 0xf84 fully unreadable
[0407/010156.389:ERROR:process_info.cc(608)] range at 0xff550000, size 0xf84 fully unreadable
[0407/010156.389:ERROR:process_info.cc(608)] range at 0xff547000, size 0xf84 fully unreadable
[0407/010156.389:ERROR:process_info.cc(608)] range at 0xff53b000, size 0xf84 fully unreadable
[0407/010156.389:ERROR:process_info.cc(608)] range at 0xff54a000, size 0xf84 fully unreadable
[0407/010156.389:ERROR:process_info.cc(608)] range at 0xff544000, size 0xf84 fully unreadable
[0407/010156.389:ERROR:process_info.cc(608)] range at 0xe6d7d000, size 0x3000 fully unreadable
[0407/010156.389:ERROR:process_info.cc(608)] range at 0xff53e000, size 0xf84 fully unreadable
[0407/010156.390:ERROR:process_info.cc(608)] range at 0xffcbe000, size 0x2000 fully unreadable
[0407/010156.390:ERROR:process_info.cc(608)] range at 0xff541000, size 0xf84 fully unreadable
[0407/010156.390:ERROR:process_info.cc(608)] range at 0xfff7e000, size 0x2000 fully unreadable
[0407/010156.390:ERROR:process_info.cc(608)] range at 0xff54d000, size 0xf84 fully unreadable
[0407/010156.390:ERROR:process_info.cc(608)] range at 0xff689000, size 0xf84 fully unreadable
[0408/143353.933:ERROR:process_info.cc(608)] range at 0xfeeee000, size 0x230 fully unreadable
[0408/143353.949:ERROR:process_info.cc(608)] range at 0xfeeed000, size 0xf84 fully unreadable
[0408/143353.949:ERROR:process_info.cc(608)] range at 0xfeeea000, size 0xf84 fully unreadable
[0408/143353.949:ERROR:process_info.cc(608)] range at 0xfeee7000, size 0xf84 fully unreadable
[0408/143353.949:ERROR:process_info.cc(608)] range at 0xfedbf000, size 0xf84 fully unreadable
[0408/143353.950:ERROR:process_info.cc(608)] range at 0xfedbc000, size 0xf84 fully unreadable
[0408/143353.950:ERROR:process_info.cc(608)] range at 0xfedb9000, size 0xf84 fully unreadable
[0408/143353.950:ERROR:process_info.cc(608)] range at 0xfedb6000, size 0xf84 fully unreadable
[0408/143353.950:ERROR:process_info.cc(608)] range at 0xfedb3000, size 0xf84 fully unreadable
[0408/143353.950:ERROR:process_info.cc(608)] range at 0xfeda4000, size 0xf84 fully unreadable
[0408/143353.950:ERROR:process_info.cc(608)] range at 0xfed9b000, size 0xf84 fully unreadable
[0408/143353.951:ERROR:process_info.cc(608)] range at 0xfed9e000, size 0xf84 fully unreadable
[0408/143353.951:ERROR:process_info.cc(608)] range at 0xfeda7000, size 0xf84 fully unreadable
[0408/143353.951:ERROR:process_info.cc(608)] range at 0xfed98000, size 0xf84 fully unreadable
[0408/143353.951:ERROR:process_info.cc(608)] range at 0xfed95000, size 0xf84 fully unreadable
[0408/143353.951:ERROR:process_info.cc(608)] range at 0xfed92000, size 0xf84 fully unreadable
[0408/143353.952:ERROR:process_info.cc(608)] range at 0xfedb0000, size 0xf84 fully unreadable
